<?xml version="1.0" encoding="UTF-8"?>
<!-- Generated by org.testng.reporters.JUnitXMLReporter -->
<testsuite ignored="2" hostname="LAPTOP-C7UG29DH" failures="0" tests="3" name="Test" time="0.092" errors="0" timestamp="2023-11-22T09:41:38 IST">
  <testcase classname="practiceTestNG.Demo" name="m1" time="0.015"/>
  <testcase classname="practiceTestNG.Demo" name="n1" time="0.002"/>
  <testcase classname="practiceTestNG.Sample" name="s2" time="0.001"/>
  <testcase classname="practiceTestNG.Sample" name="s1" time="0.0">
    <ignored/>
  </testcase> <!-- s1 -->
  <testcase classname="com.bixi.GenericUtilitls.BaseClass_Sample" name="staffLogin" time="0.0">
    <ignored/>
  </testcase> <!-- staffLogin -->
</testsuite> <!-- Test -->
